# JRE version: Java(TM) SE Runtime Environment (8.0_181-b13) (build 1.8.0_181-b13)
# Java VM: Java HotSpot(TM) 64-Bit Server VM (25.181-b13 mixed mode linux-amd64 compressed oops)
Heap:
 PSYoungGen      total 2981376K, used 180725K [0x0000767a23b00000, 0x0000767aeb580000, 0x0000767b79000000)
  eden space 2800640K, 0% used [0x0000767a23b00000,0x0000767a23b00000,0x0000767acea00000)
  from space 180736K, 99% used [0x0000767ad5480000,0x0000767ae04fd750,0x0000767ae0500000)
  to   space 97792K, 0% used [0x0000767ae5600000,0x0000767ae5600000,0x0000767aeb580000)
 ParOldGen       total 889344K, used 723667K [0x0000767779000000, 0x00007677af480000, 0x0000767a23b00000)
  object space 889344K, 81% used [0x0000767779000000,0x00007677a52b4e28,0x00007677af480000)
 Metaspace       used 77207K, capacity 78042K, committed 78720K, reserved 1116160K
  class space    used 12012K, capacity 12321K, committed 12416K, reserved 1048576K
GC Heap History (10 events):
Event: 29.869 GC heap after
Heap after GC invocations=11 (full 2):
 PSYoungGen      total 1742848K, used 80450K [0x0000767a23b00000, 0x0000767abce80000, 0x0000767b79000000)
  eden space 1560064K, 0% used [0x0000767a23b00000,0x0000767a23b00000,0x0000767a82e80000)
  from space 182784K, 44% used [0x0000767a82e80000,0x0000767a87d108f8,0x0000767a8e100000)
  to   space 172544K, 0% used [0x0000767ab2600000,0x0000767ab2600000,0x0000767abce80000)
 ParOldGen       total 706048K, used 213414K [0x0000767779000000, 0x00007677a4180000, 0x0000767a23b00000)
  object space 706048K, 30% used [0x0000767779000000,0x0000767786069868,0x00007677a4180000)
 Metaspace       used 43634K, capacity 43930K, committed 44416K, reserved 1087488K
  class space    used 6094K, capacity 6197K, committed 6272K, reserved 1048576K
}
Event: 33.337 GC heap before
{Heap before GC invocations=12 (full 2):
 PSYoungGen      total 1742848K, used 1640514K [0x0000767a23b00000, 0x0000767abce80000, 0x0000767b79000000)
  eden space 1560064K, 100% used [0x0000767a23b00000,0x0000767a82e80000,0x0000767a82e80000)
  from space 182784K, 44% used [0x0000767a82e80000,0x0000767a87d108f8,0x0000767a8e100000)
  to   space 172544K, 0% used [0x0000767ab2600000,0x0000767ab2600000,0x0000767abce80000)
 ParOldGen       total 706048K, used 213414K [0x0000767779000000, 0x00007677a4180000, 0x0000767a23b00000)
  object space 706048K, 30% used [0x0000767779000000,0x0000767786069868,0x00007677a4180000)
 Metaspace       used 54624K, capacity 55112K, committed 55424K, reserved 1097728K
  class space    used 7921K, capacity 8052K, committed 8064K, reserved 1048576K
Event: 33.422 GC heap after
Heap after GC invocations=12 (full 2):
 PSYoungGen      total 2314240K, used 129887K [0x0000767a23b00000, 0x0000767abcc80000, 0x0000767b79000000)
  eden space 2143744K, 0% used [0x0000767a23b00000,0x0000767a23b00000,0x0000767aa6880000)
  from space 170496K, 76% used [0x0000767ab2600000,0x0000767aba4d7e00,0x0000767abcc80000)
  to   space 182272K, 0% used [0x0000767aa6880000,0x0000767aa6880000,0x0000767ab1a80000)
 ParOldGen       total 706048K, used 213422K [0x0000767779000000, 0x00007677a4180000, 0x0000767a23b00000)
  object space 706048K, 30% used [0x0000767779000000,0x000076778606b868,0x00007677a4180000)
 Metaspace       used 54624K, capacity 55112K, committed 55424K, reserved 1097728K
  class space    used 7921K, capacity 8052K, committed 8064K, reserved 1048576K
}
Event: 34.429 GC heap before
{Heap before GC invocations=13 (full 2):
 PSYoungGen      total 2314240K, used 639542K [0x0000767a23b00000, 0x0000767abcc80000, 0x0000767b79000000)
  eden space 2143744K, 23% used [0x0000767a23b00000,0x0000767a42cb5d88,0x0000767aa6880000)
  from space 170496K, 76% used [0x0000767ab2600000,0x0000767aba4d7e00,0x0000767abcc80000)
  to   space 182272K, 0% used [0x0000767aa6880000,0x0000767aa6880000,0x0000767ab1a80000)
 ParOldGen       total 706048K, used 213422K [0x0000767779000000, 0x00007677a4180000, 0x0000767a23b00000)
  object space 706048K, 30% used [0x0000767779000000,0x000076778606b868,0x00007677a4180000)
 Metaspace       used 58299K, capacity 58830K, committed 59096K, reserved 1099776K
  class space    used 8393K, capacity 8565K, committed 8576K, reserved 1048576K
Event: 34.490 GC heap after
Heap after GC invocations=13 (full 2):
 PSYoungGen      total 2326016K, used 17257K [0x0000767a23b00000, 0x0000767af0980000, 0x0000767b79000000)
  eden space 2143744K, 0% used [0x0000767a23b00000,0x0000767a23b00000,0x0000767aa6880000)
  from space 182272K, 9% used [0x0000767aa6880000,0x0000767aa795a730,0x0000767ab1a80000)
  to   space 183808K, 0% used [0x0000767ae5600000,0x0000767ae5600000,0x0000767af0980000)
 ParOldGen       total 706048K, used 301976K [0x0000767779000000, 0x00007677a4180000, 0x0000767a23b00000)
  object space 706048K, 42% used [0x0000767779000000,0x000076778b6e6308,0x00007677a4180000)
 Metaspace       used 58299K, capacity 58830K, committed 59096K, reserved 1099776K
  class space    used 8393K, capacity 8565K, committed 8576K, reserved 1048576K
}
Event: 34.490 GC heap before
{Heap before GC invocations=14 (full 3):
 PSYoungGen      total 2326016K, used 17257K [0x0000767a23b00000, 0x0000767af0980000, 0x0000767b79000000)
  eden space 2143744K, 0% used [0x0000767a23b00000,0x0000767a23b00000,0x0000767aa6880000)
  from space 182272K, 9% used [0x0000767aa6880000,0x0000767aa795a730,0x0000767ab1a80000)
  to   space 183808K, 0% used [0x0000767ae5600000,0x0000767ae5600000,0x0000767af0980000)
 ParOldGen       total 706048K, used 301976K [0x0000767779000000, 0x00007677a4180000, 0x0000767a23b00000)
  object space 706048K, 42% used [0x0000767779000000,0x000076778b6e6308,0x00007677a4180000)
 Metaspace       used 58299K, capacity 58830K, committed 59096K, reserved 1099776K
  class space    used 8393K, capacity 8565K, committed 8576K, reserved 1048576K
Event: 34.997 GC heap after
Heap after GC invocations=14 (full 3):
 PSYoungGen      total 2326016K, used 0K [0x0000767a23b00000, 0x0000767af0980000, 0x0000767b79000000)
  eden space 2143744K, 0% used [0x0000767a23b00000,0x0000767a23b00000,0x0000767aa6880000)
  from space 182272K, 0% used [0x0000767aa6880000,0x0000767aa6880000,0x0000767ab1a80000)
  to   space 183808K, 0% used [0x0000767ae5600000,0x0000767ae5600000,0x0000767af0980000)
 ParOldGen       total 889344K, used 275392K [0x0000767779000000, 0x00007677af480000, 0x0000767a23b00000)
  object space 889344K, 30% used [0x0000767779000000,0x0000767789cf0078,0x00007677af480000)
 Metaspace       used 58299K, capacity 58830K, committed 59096K, reserved 1099776K
  class space    used 8393K, capacity 8565K, committed 8576K, reserved 1048576K
}
Event: 40.075 GC heap before
{Heap before GC invocations=15 (full 3):
 PSYoungGen      total 2326016K, used 2143744K [0x0000767a23b00000, 0x0000767af0980000, 0x0000767b79000000)
  eden space 2143744K, 100% used [0x0000767a23b00000,0x0000767aa6880000,0x0000767aa6880000)
  from space 182272K, 0% used [0x0000767aa6880000,0x0000767aa6880000,0x0000767ab1a80000)
  to   space 183808K, 0% used [0x0000767ae5600000,0x0000767ae5600000,0x0000767af0980000)
 ParOldGen       total 889344K, used 275392K [0x0000767779000000, 0x00007677af480000, 0x0000767a23b00000)
  object space 889344K, 30% used [0x0000767779000000,0x0000767789cf0078,0x00007677af480000)
 Metaspace       used 71525K, capacity 72256K, committed 72832K, reserved 1110016K
  class space    used 11106K, capacity 11356K, committed 11392K, reserved 1048576K
Event: 40.154 GC heap after
Heap after GC invocations=15 (full 3):
 PSYoungGen      total 2898432K, used 97790K [0x0000767a23b00000, 0x0000767aeb580000, 0x0000767b79000000)
  eden space 2800640K, 0% used [0x0000767a23b00000,0x0000767a23b00000,0x0000767acea00000)
  from space 97792K, 99% used [0x0000767ae5600000,0x0000767aeb57f8e8,0x0000767aeb580000)
  to   space 180736K, 0% used [0x0000767ad5480000,0x0000767ad5480000,0x0000767ae0500000)
 ParOldGen       total 889344K, used 275400K [0x0000767779000000, 0x00007677af480000, 0x0000767a23b00000)
  object space 889344K, 30% used [0x0000767779000000,0x0000767789cf2078,0x00007677af480000)
 Metaspace       used 71525K, capacity 72256K, committed 72832K, reserved 1110016K
  class space    used 11106K, capacity 11356K, committed 11392K, reserved 1048576K
}
Event: 48.056 GC heap before
{Heap before GC invocations=16 (full 3):
 PSYoungGen      total 2898432K, used 2898430K [0x0000767a23b00000, 0x0000767aeb580000, 0x0000767b79000000)
  eden space 2800640K, 100% used [0x0000767a23b00000,0x0000767acea00000,0x0000767acea00000)
  from space 97792K, 99% used [0x0000767ae5600000,0x0000767aeb57f8e8,0x0000767aeb580000)
  to   space 180736K, 0% used [0x0000767ad5480000,0x0000767ad5480000,0x0000767ae0500000)
 ParOldGen       total 889344K, used 275400K [0x0000767779000000, 0x00007677af480000, 0x0000767a23b00000)
  object space 889344K, 30% used [0x0000767779000000,0x0000767789cf2078,0x00007677af480000)
 Metaspace       used 77207K, capacity 78042K, committed 78720K, reserved 1116160K
  class space    used 12012K, capacity 12321K, committed 12416K, reserved 1048576K

